[debug] [2023-04-27T07:46:27.062Z] ----------------------------------------------------------------------
[debug] [2023-04-27T07:46:27.065Z] Command:       C:\Program Files\nodejs\node.exe C:\Users\dniok\AppData\Roaming\npm\node_modules\firebase-tools\lib\bin\firebase.js init
[debug] [2023-04-27T07:46:27.066Z] CLI Version:   11.24.0
[debug] [2023-04-27T07:46:27.066Z] Platform:      win32
[debug] [2023-04-27T07:46:27.066Z] Node Version:  v18.13.0
[debug] [2023-04-27T07:46:27.074Z] Time:          Thu Apr 27 2023 15:46:27 GMT+0800 (Ulaanbaatar Standard Time)
[debug] [2023-04-27T07:46:27.075Z] ----------------------------------------------------------------------
[debug] 
[debug] [2023-04-27T07:46:27.080Z] >>> [apiv2][query] GET https://firebase-public.firebaseio.com/cli.json [none]
[debug] [2023-04-27T07:46:27.266Z] > command requires scopes: ["email","openid","https://www.googleapis.com/auth/cloudplatformprojects.readonly","https://www.googleapis.com/auth/firebase","https://www.googleapis.com/auth/cloud-platform"]
[debug] [2023-04-27T07:46:27.267Z] > authorizing via signed-in user (dannyoko0412@gmail.com)
[info] 
     ######## #### ########  ######## ########     ###     ######  ########
     ##        ##  ##     ## ##       ##     ##  ##   ##  ##       ##
     ######    ##  ########  ######   ########  #########  ######  ######
     ##        ##  ##    ##  ##       ##     ## ##     ##       ## ##
     ##       #### ##     ## ######## ########  ##     ##  ######  ########

You're about to initialize a Firebase project in this directory:

  C:\Users\dniok

Before we get started, keep in mind:

  * You are initializing within an existing Firebase project directory

[debug] [2023-04-27T07:46:27.880Z] <<< [apiv2][status] GET https://firebase-public.firebaseio.com/cli.json 200
[debug] [2023-04-27T07:46:27.880Z] <<< [apiv2][body] GET https://firebase-public.firebaseio.com/cli.json {"cloudBuildErrorAfter":1594252800000,"cloudBuildWarnAfter":1590019200000,"defaultNode10After":1594252800000,"minVersion":"3.0.5","node8DeploysDisabledAfter":1613390400000,"node8RuntimeDisabledAfter":1615809600000,"node8WarnAfter":1600128000000}
[info] 
=== Project Setup
[info] 
[info] First, let's associate this project directory with a Firebase project.
[info] You can create multiple project aliases by running firebase use --add, 
[info] but for now we'll just set up a default project.
[info] 
[debug] [2023-04-27T07:46:35.519Z] Using project from CLI flag: phonemarket-cf9fe
[debug] [2023-04-27T07:46:35.521Z] > refreshing access token with scopes: []
[debug] [2023-04-27T07:46:35.523Z] >>> [apiv2][query] POST https://www.googleapis.com/oauth2/v3/token [none]
[debug] [2023-04-27T07:46:35.523Z] >>> [apiv2][body] POST https://www.googleapis.com/oauth2/v3/token [omitted]
[debug] [2023-04-27T07:46:35.842Z] <<< [apiv2][status] POST https://www.googleapis.com/oauth2/v3/token 200
[debug] [2023-04-27T07:46:35.843Z] <<< [apiv2][body] POST https://www.googleapis.com/oauth2/v3/token [omitted]
[debug] [2023-04-27T07:46:35.856Z] >>> [apiv2][query] GET https://firebase.googleapis.com/v1beta1/projects/phonemarket-cf9fe [none]
[debug] [2023-04-27T07:46:36.524Z] <<< [apiv2][status] GET https://firebase.googleapis.com/v1beta1/projects/phonemarket-cf9fe 403
[debug] [2023-04-27T07:46:36.524Z] <<< [apiv2][body] GET https://firebase.googleapis.com/v1beta1/projects/phonemarket-cf9fe {"error":{"code":403,"message":"The caller does not have permission","status":"PERMISSION_DENIED"}}
[debug] [2023-04-27T07:46:36.525Z] HTTP Error: 403, The caller does not have permission
[debug] [2023-04-27T07:46:37.185Z] FirebaseError: HTTP Error: 403, The caller does not have permission
    at responseToError (C:\Users\dniok\AppData\Roaming\npm\node_modules\firebase-tools\lib\responseToError.js:49:12)
    at RetryOperation._fn (C:\Users\dniok\AppData\Roaming\npm\node_modules\firebase-tools\lib\apiv2.js:288:77)
    at process.processTicksAndRejections (node:internal/process/task_queues:95:5)
[error] 
[error] Error: Failed to get Firebase project phonemarket-cf9fe. Please make sure the project exists and your account has permission to access it.
